# JRE version: OpenJDK Runtime Environment (21.0.7) (build 21.0.7+-13880790-b1038.58)
# Java VM: OpenJDK 64-Bit Server VM (21.0.7+-13880790-b1038.58, mixed mode, tiered, compressed oops, compressed class ptrs, g1 gc, windows-amd64)
GC Precious Log:
 CardTable entry size: 512
 Card Set container configuration: InlinePtr #cards 5 size 8 Array Of Cards #cards 12 size 40 Howl #buckets 4 coarsen threshold 1843 Howl Bitmap #cards 512 size 80 coarsen threshold 460 Card regions per heap region 1 cards per card region 2048
 CPUs: 8 total, 8 available
 Memory: 32585M
 Large Page Support: Disabled
 NUMA Support: Disabled
 Compressed Oops: Enabled (32-bit)
 Heap Region Size: 1M
 Heap Min Capacity: 8M
 Heap Initial Capacity: 510M
 Heap Max Capacity: 2G
 Pre-touch: Disabled
 Parallel Workers: 8
 Concurrent Workers: 2
 Concurrent Refinement Workers: 8
 Periodic GC: Disabled
Heap:
 garbage-first heap   total 331776K, used 223602K [0x0000000080000000, 0x0000000100000000)
  region size 1024K, 28 young (28672K), 5 survivors (5120K)
 Metaspace       used 159081K, committed 161664K, reserved 1245184K
  class space    used 21034K, committed 22336K, reserved 1048576K
GC Heap History (20 events):
Event: 78.898 GC heap before
{Heap before GC invocations=51 (full 0):
 garbage-first heap   total 281600K, used 236490K [0x0000000080000000, 0x0000000100000000)
  region size 1024K, 73 young (74752K), 6 survivors (6144K)
 Metaspace       used 123968K, committed 126208K, reserved 1179648K
  class space    used 16893K, committed 18048K, reserved 1048576K
}
Event: 78.907 GC heap after
{Heap after GC invocations=52 (full 0):
 garbage-first heap   total 281600K, used 169527K [0x0000000080000000, 0x0000000100000000)
  region size 1024K, 7 young (7168K), 7 survivors (7168K)
 Metaspace       used 123968K, committed 126208K, reserved 1179648K
  class space    used 16893K, committed 18048K, reserved 1048576K
}
Event: 80.030 GC heap before
{Heap before GC invocations=52 (full 0):
 garbage-first heap   total 281600K, used 258615K [0x0000000080000000, 0x0000000100000000)
  region size 1024K, 94 young (96256K), 7 survivors (7168K)
 Metaspace       used 123968K, committed 126208K, reserved 1179648K
  class space    used 16893K, committed 18048K, reserved 1048576K
}
Event: 80.045 GC heap after
{Heap after GC invocations=53 (full 0):
 garbage-first heap   total 281600K, used 170883K [0x0000000080000000, 0x0000000100000000)
  region size 1024K, 7 young (7168K), 7 survivors (7168K)
 Metaspace       used 123968K, committed 126208K, reserved 1179648K
  class space    used 16893K, committed 18048K, reserved 1048576K
}
Event: 81.268 GC heap before
{Heap before GC invocations=53 (full 0):
 garbage-first heap   total 281600K, used 250755K [0x0000000080000000, 0x0000000100000000)
  region size 1024K, 87 young (89088K), 7 survivors (7168K)
 Metaspace       used 124643K, committed 126976K, reserved 1179648K
  class space    used 16963K, committed 18112K, reserved 1048576K
}
Event: 81.277 GC heap after
{Heap after GC invocations=54 (full 0):
 garbage-first heap   total 281600K, used 173472K [0x0000000080000000, 0x0000000100000000)
  region size 1024K, 8 young (8192K), 8 survivors (8192K)
 Metaspace       used 124643K, committed 126976K, reserved 1179648K
  class space    used 16963K, committed 18112K, reserved 1048576K
}
Event: 85.161 GC heap before
{Heap before GC invocations=55 (full 0):
 garbage-first heap   total 295936K, used 258464K [0x0000000080000000, 0x0000000100000000)
  region size 1024K, 89 young (91136K), 8 survivors (8192K)
 Metaspace       used 133553K, committed 135936K, reserved 1179648K
  class space    used 18140K, committed 19328K, reserved 1048576K
}
Event: 85.176 GC heap after
{Heap after GC invocations=56 (full 0):
 garbage-first heap   total 295936K, used 175809K [0x0000000080000000, 0x0000000100000000)
  region size 1024K, 7 young (7168K), 7 survivors (7168K)
 Metaspace       used 133553K, committed 135936K, reserved 1179648K
  class space    used 18140K, committed 19328K, reserved 1048576K
}
Event: 88.967 GC heap before
{Heap before GC invocations=56 (full 0):
 garbage-first heap   total 295936K, used 273089K [0x0000000080000000, 0x0000000100000000)
  region size 1024K, 102 young (104448K), 7 survivors (7168K)
 Metaspace       used 138674K, committed 141056K, reserved 1179648K
  class space    used 18757K, committed 19968K, reserved 1048576K
}
Event: 88.997 GC heap after
{Heap after GC invocations=57 (full 0):
 garbage-first heap   total 295936K, used 184910K [0x0000000080000000, 0x0000000100000000)
  region size 1024K, 13 young (13312K), 13 survivors (13312K)
 Metaspace       used 138674K, committed 141056K, reserved 1179648K
  class space    used 18757K, committed 19968K, reserved 1048576K
}
Event: 97.003 GC heap before
{Heap before GC invocations=57 (full 0):
 garbage-first heap   total 295936K, used 265806K [0x0000000080000000, 0x0000000100000000)
  region size 1024K, 93 young (95232K), 13 survivors (13312K)
 Metaspace       used 145076K, committed 147456K, reserved 1179648K
  class space    used 19569K, committed 20736K, reserved 1048576K
}
Event: 97.026 GC heap after
{Heap after GC invocations=58 (full 0):
 garbage-first heap   total 295936K, used 191795K [0x0000000080000000, 0x0000000100000000)
  region size 1024K, 8 young (8192K), 8 survivors (8192K)
 Metaspace       used 145076K, committed 147456K, reserved 1179648K
  class space    used 19569K, committed 20736K, reserved 1048576K
}
Event: 103.516 GC heap before
{Heap before GC invocations=58 (full 0):
 garbage-first heap   total 295936K, used 270643K [0x0000000080000000, 0x0000000100000000)
  region size 1024K, 86 young (88064K), 8 survivors (8192K)
 Metaspace       used 150236K, committed 152640K, reserved 1245184K
  class space    used 20152K, committed 21312K, reserved 1048576K
}
Event: 103.546 GC heap after
{Heap after GC invocations=59 (full 0):
 garbage-first heap   total 295936K, used 198245K [0x0000000080000000, 0x0000000100000000)
  region size 1024K, 9 young (9216K), 9 survivors (9216K)
 Metaspace       used 150236K, committed 152640K, reserved 1245184K
  class space    used 20152K, committed 21312K, reserved 1048576K
}
Event: 560.143 GC heap before
{Heap before GC invocations=60 (full 0):
 garbage-first heap   total 331776K, used 267877K [0x0000000080000000, 0x0000000100000000)
  region size 1024K, 78 young (79872K), 9 survivors (9216K)
 Metaspace       used 157017K, committed 159424K, reserved 1245184K
  class space    used 20794K, committed 22016K, reserved 1048576K
}
Event: 560.168 GC heap after
{Heap after GC invocations=61 (full 0):
 garbage-first heap   total 331776K, used 200227K [0x0000000080000000, 0x0000000100000000)
  region size 1024K, 3 young (3072K), 3 survivors (3072K)
 Metaspace       used 157017K, committed 159424K, reserved 1245184K
  class space    used 20794K, committed 22016K, reserved 1048576K
}
Event: 3737.574 GC heap before
{Heap before GC invocations=61 (full 0):
 garbage-first heap   total 331776K, used 302627K [0x0000000080000000, 0x0000000100000000)
  region size 1024K, 104 young (106496K), 3 survivors (3072K)
 Metaspace       used 158172K, committed 160704K, reserved 1245184K
  class space    used 20955K, committed 22208K, reserved 1048576K
}
Event: 3737.643 GC heap after
{Heap after GC invocations=62 (full 0):
 garbage-first heap   total 331776K, used 201399K [0x0000000080000000, 0x0000000100000000)
  region size 1024K, 6 young (6144K), 6 survivors (6144K)
 Metaspace       used 158172K, committed 160704K, reserved 1245184K
  class space    used 20955K, committed 22208K, reserved 1048576K
}
Event: 3739.449 GC heap before
{Heap before GC invocations=62 (full 0):
 garbage-first heap   total 331776K, used 305847K [0x0000000080000000, 0x0000000100000000)
  region size 1024K, 109 young (111616K), 6 survivors (6144K)
 Metaspace       used 158297K, committed 160832K, reserved 1245184K
  class space    used 20961K, committed 22208K, reserved 1048576K
}
Event: 3739.478 GC heap after
{Heap after GC invocations=63 (full 0):
 garbage-first heap   total 331776K, used 201074K [0x0000000080000000, 0x0000000100000000)
  region size 1024K, 5 young (5120K), 5 survivors (5120K)
 Metaspace       used 158297K, committed 160832K, reserved 1245184K
  class space    used 20961K, committed 22208K, reserved 1048576K
}

